# JRE version: OpenJDK Runtime Environment Temurin-21.0.11+10 (21.0.11+10) (build 21.0.11+10-LTS)
# Java VM: OpenJDK 64-Bit Server VM Temurin-21.0.11+10 (21.0.11+10-LTS, mixed mode, sharing, tiered, compressed oops, compressed class ptrs, parallel gc, windows-amd64)
GC Precious Log:
 CardTable entry size: 512
 CPUs: 12 total, 12 available
 Memory: 16055M
 Large Page Support: Disabled
 NUMA Support: Disabled
 Compressed Oops: Enabled (32-bit)
 Alignments: Space 512K, Generation 512K, Heap 2M
 Heap Min Capacity: 100M
 Heap Initial Capacity: 100M
 Heap Max Capacity: 2G
 Pre-touch: Disabled
 Parallel Workers: 10
Heap:
 PSYoungGen      total 18944K, used 10109K [0x00000000d5580000, 0x00000000d7500000, 0x0000000100000000)
  eden space 17920K, 50% used [0x00000000d5580000,0x00000000d5e5f710,0x00000000d6700000)
  from space 1024K, 100% used [0x00000000d6c00000,0x00000000d6d00000,0x00000000d6d00000)
  to   space 5120K, 0% used [0x00000000d6700000,0x00000000d6700000,0x00000000d6c00000)
 ParOldGen       total 68608K, used 59549K [0x0000000080000000, 0x0000000084300000, 0x00000000d5580000)
  object space 68608K, 86% used [0x0000000080000000,0x0000000083a276b0,0x0000000084300000)
 Metaspace       used 68751K, committed 70144K, reserved 1114112K
  class space    used 8601K, committed 9216K, reserved 1048576K
GC Heap History (20 events):
Event: 30.675 GC heap before
{Heap before GC invocations=42 (full 3):
 PSYoungGen      total 23040K, used 22896K [0x00000000d5580000, 0x00000000d6e80000, 0x0000000100000000)
  eden space 22016K, 100% used [0x00000000d5580000,0x00000000d6b00000,0x00000000d6b00000)
  from space 1024K, 85% used [0x00000000d6d80000,0x00000000d6e5c010,0x00000000d6e80000)
  to   space 1536K, 0% used [0x00000000d6b80000,0x00000000d6b80000,0x00000000d6d00000)
 ParOldGen       total 68608K, used 54194K [0x0000000080000000, 0x0000000084300000, 0x00000000d5580000)
  object space 68608K, 78% used [0x0000000080000000,0x00000000834ec830,0x0000000084300000)
 Metaspace       used 62678K, committed 64064K, reserved 1114112K
  class space    used 7856K, committed 8448K, reserved 1048576K
}
Event: 30.677 GC heap after
{Heap after GC invocations=42 (full 3):
 PSYoungGen      total 23552K, used 1169K [0x00000000d5580000, 0x00000000d6e00000, 0x0000000100000000)
  eden space 22016K, 0% used [0x00000000d5580000,0x00000000d5580000,0x00000000d6b00000)
  from space 1536K, 76% used [0x00000000d6b80000,0x00000000d6ca4480,0x00000000d6d00000)
  to   space 1024K, 0% used [0x00000000d6d00000,0x00000000d6d00000,0x00000000d6e00000)
 ParOldGen       total 68608K, used 54876K [0x0000000080000000, 0x0000000084300000, 0x00000000d5580000)
  object space 68608K, 79% used [0x0000000080000000,0x00000000835973b0,0x0000000084300000)
 Metaspace       used 62678K, committed 64064K, reserved 1114112K
  class space    used 7856K, committed 8448K, reserved 1048576K
}
Event: 30.937 GC heap before
{Heap before GC invocations=43 (full 3):
 PSYoungGen      total 23552K, used 23185K [0x00000000d5580000, 0x00000000d6e00000, 0x0000000100000000)
  eden space 22016K, 100% used [0x00000000d5580000,0x00000000d6b00000,0x00000000d6b00000)
  from space 1536K, 76% used [0x00000000d6b80000,0x00000000d6ca4480,0x00000000d6d00000)
  to   space 1024K, 0% used [0x00000000d6d00000,0x00000000d6d00000,0x00000000d6e00000)
 ParOldGen       total 68608K, used 54876K [0x0000000080000000, 0x0000000084300000, 0x00000000d5580000)
  object space 68608K, 79% used [0x0000000080000000,0x00000000835973b0,0x0000000084300000)
 Metaspace       used 62678K, committed 64064K, reserved 1114112K
  class space    used 7856K, committed 8448K, reserved 1048576K
}
Event: 30.938 GC heap after
{Heap after GC invocations=43 (full 3):
 PSYoungGen      total 23040K, used 1018K [0x00000000d5580000, 0x00000000d6e00000, 0x0000000100000000)
  eden space 22016K, 0% used [0x00000000d5580000,0x00000000d5580000,0x00000000d6b00000)
  from space 1024K, 99% used [0x00000000d6d00000,0x00000000d6dfe850,0x00000000d6e00000)
  to   space 1536K, 0% used [0x00000000d6b00000,0x00000000d6b00000,0x00000000d6c80000)
 ParOldGen       total 68608K, used 55139K [0x0000000080000000, 0x0000000084300000, 0x00000000d5580000)
  object space 68608K, 80% used [0x0000000080000000,0x00000000835d8d60,0x0000000084300000)
 Metaspace       used 62678K, committed 64064K, reserved 1114112K
  class space    used 7856K, committed 8448K, reserved 1048576K
}
Event: 31.172 GC heap before
{Heap before GC invocations=44 (full 3):
 PSYoungGen      total 23040K, used 23034K [0x00000000d5580000, 0x00000000d6e00000, 0x0000000100000000)
  eden space 22016K, 100% used [0x00000000d5580000,0x00000000d6b00000,0x00000000d6b00000)
  from space 1024K, 99% used [0x00000000d6d00000,0x00000000d6dfe850,0x00000000d6e00000)
  to   space 1536K, 0% used [0x00000000d6b00000,0x00000000d6b00000,0x00000000d6c80000)
 ParOldGen       total 68608K, used 55139K [0x0000000080000000, 0x0000000084300000, 0x00000000d5580000)
  object space 68608K, 80% used [0x0000000080000000,0x00000000835d8d60,0x0000000084300000)
 Metaspace       used 62685K, committed 64064K, reserved 1114112K
  class space    used 7856K, committed 8448K, reserved 1048576K
}
Event: 31.173 GC heap after
{Heap after GC invocations=44 (full 3):
 PSYoungGen      total 23552K, used 1223K [0x00000000d5580000, 0x00000000d6e00000, 0x0000000100000000)
  eden space 22016K, 0% used [0x00000000d5580000,0x00000000d5580000,0x00000000d6b00000)
  from space 1536K, 79% used [0x00000000d6b00000,0x00000000d6c31f10,0x00000000d6c80000)
  to   space 1536K, 0% used [0x00000000d6c80000,0x00000000d6c80000,0x00000000d6e00000)
 ParOldGen       total 68608K, used 55171K [0x0000000080000000, 0x0000000084300000, 0x00000000d5580000)
  object space 68608K, 80% used [0x0000000080000000,0x00000000835e0d60,0x0000000084300000)
 Metaspace       used 62685K, committed 64064K, reserved 1114112K
  class space    used 7856K, committed 8448K, reserved 1048576K
}
Event: 31.377 GC heap before
{Heap before GC invocations=45 (full 3):
 PSYoungGen      total 23552K, used 23239K [0x00000000d5580000, 0x00000000d6e00000, 0x0000000100000000)
  eden space 22016K, 100% used [0x00000000d5580000,0x00000000d6b00000,0x00000000d6b00000)
  from space 1536K, 79% used [0x00000000d6b00000,0x00000000d6c31f10,0x00000000d6c80000)
  to   space 1536K, 0% used [0x00000000d6c80000,0x00000000d6c80000,0x00000000d6e00000)
 ParOldGen       total 68608K, used 55171K [0x0000000080000000, 0x0000000084300000, 0x00000000d5580000)
  object space 68608K, 80% used [0x0000000080000000,0x00000000835e0d60,0x0000000084300000)
 Metaspace       used 62923K, committed 64320K, reserved 1114112K
  class space    used 7865K, committed 8512K, reserved 1048576K
}
Event: 31.379 GC heap after
{Heap after GC invocations=45 (full 3):
 PSYoungGen      total 23552K, used 1381K [0x00000000d5580000, 0x00000000d6e00000, 0x0000000100000000)
  eden space 22016K, 0% used [0x00000000d5580000,0x00000000d5580000,0x00000000d6b00000)
  from space 1536K, 89% used [0x00000000d6c80000,0x00000000d6dd95c8,0x00000000d6e00000)
  to   space 1536K, 0% used [0x00000000d6b00000,0x00000000d6b00000,0x00000000d6c80000)
 ParOldGen       total 68608K, used 55235K [0x0000000080000000, 0x0000000084300000, 0x00000000d5580000)
  object space 68608K, 80% used [0x0000000080000000,0x00000000835f0d60,0x0000000084300000)
 Metaspace       used 62923K, committed 64320K, reserved 1114112K
  class space    used 7865K, committed 8512K, reserved 1048576K
}
Event: 31.629 GC heap before
{Heap before GC invocations=46 (full 3):
 PSYoungGen      total 23552K, used 23397K [0x00000000d5580000, 0x00000000d6e00000, 0x0000000100000000)
  eden space 22016K, 100% used [0x00000000d5580000,0x00000000d6b00000,0x00000000d6b00000)
  from space 1536K, 89% used [0x00000000d6c80000,0x00000000d6dd95c8,0x00000000d6e00000)
  to   space 1536K, 0% used [0x00000000d6b00000,0x00000000d6b00000,0x00000000d6c80000)
 ParOldGen       total 68608K, used 55235K [0x0000000080000000, 0x0000000084300000, 0x00000000d5580000)
  object space 68608K, 80% used [0x0000000080000000,0x00000000835f0d60,0x0000000084300000)
 Metaspace       used 62923K, committed 64320K, reserved 1114112K
  class space    used 7865K, committed 8512K, reserved 1048576K
}
Event: 31.632 GC heap after
{Heap after GC invocations=46 (full 3):
 PSYoungGen      total 23040K, used 524K [0x00000000d5580000, 0x00000000d6d00000, 0x0000000100000000)
  eden space 22016K, 0% used [0x00000000d5580000,0x00000000d5580000,0x00000000d6b00000)
  from space 1024K, 51% used [0x00000000d6b00000,0x00000000d6b83160,0x00000000d6c00000)
  to   space 1024K, 0% used [0x00000000d6c00000,0x00000000d6c00000,0x00000000d6d00000)
 ParOldGen       total 68608K, used 55764K [0x0000000080000000, 0x0000000084300000, 0x00000000d5580000)
  object space 68608K, 81% used [0x0000000080000000,0x0000000083675338,0x0000000084300000)
 Metaspace       used 62923K, committed 64320K, reserved 1114112K
  class space    used 7865K, committed 8512K, reserved 1048576K
}
Event: 31.880 GC heap before
{Heap before GC invocations=47 (full 3):
 PSYoungGen      total 23040K, used 22540K [0x00000000d5580000, 0x00000000d6d00000, 0x0000000100000000)
  eden space 22016K, 100% used [0x00000000d5580000,0x00000000d6b00000,0x00000000d6b00000)
  from space 1024K, 51% used [0x00000000d6b00000,0x00000000d6b83160,0x00000000d6c00000)
  to   space 1024K, 0% used [0x00000000d6c00000,0x00000000d6c00000,0x00000000d6d00000)
 ParOldGen       total 68608K, used 55764K [0x0000000080000000, 0x0000000084300000, 0x00000000d5580000)
  object space 68608K, 81% used [0x0000000080000000,0x0000000083675338,0x0000000084300000)
 Metaspace       used 62923K, committed 64320K, reserved 1114112K
  class space    used 7865K, committed 8512K, reserved 1048576K
}
Event: 31.881 GC heap after
{Heap after GC invocations=47 (full 3):
 PSYoungGen      total 23040K, used 556K [0x00000000d5580000, 0x00000000d6d00000, 0x0000000100000000)
  eden space 22016K, 0% used [0x00000000d5580000,0x00000000d5580000,0x00000000d6b00000)
  from space 1024K, 54% used [0x00000000d6c00000,0x00000000d6c8b228,0x00000000d6d00000)
  to   space 1024K, 0% used [0x00000000d6b00000,0x00000000d6b00000,0x00000000d6c00000)
 ParOldGen       total 68608K, used 55812K [0x0000000080000000, 0x0000000084300000, 0x00000000d5580000)
  object space 68608K, 81% used [0x0000000080000000,0x0000000083681338,0x0000000084300000)
 Metaspace       used 62923K, committed 64320K, reserved 1114112K
  class space    used 7865K, committed 8512K, reserved 1048576K
}
Event: 32.119 GC heap before
{Heap before GC invocations=48 (full 3):
 PSYoungGen      total 23040K, used 22572K [0x00000000d5580000, 0x00000000d6d00000, 0x0000000100000000)
  eden space 22016K, 100% used [0x00000000d5580000,0x00000000d6b00000,0x00000000d6b00000)
  from space 1024K, 54% used [0x00000000d6c00000,0x00000000d6c8b228,0x00000000d6d00000)
  to   space 1024K, 0% used [0x00000000d6b00000,0x00000000d6b00000,0x00000000d6c00000)
 ParOldGen       total 68608K, used 55812K [0x0000000080000000, 0x0000000084300000, 0x00000000d5580000)
  object space 68608K, 81% used [0x0000000080000000,0x0000000083681338,0x0000000084300000)
 Metaspace       used 62923K, committed 64320K, reserved 1114112K
  class space    used 7865K, committed 8512K, reserved 1048576K
}
Event: 32.120 GC heap after
{Heap after GC invocations=48 (full 3):
 PSYoungGen      total 23040K, used 416K [0x00000000d5580000, 0x00000000d6c80000, 0x0000000100000000)
  eden space 22016K, 0% used [0x00000000d5580000,0x00000000d5580000,0x00000000d6b00000)
  from space 1024K, 40% used [0x00000000d6b00000,0x00000000d6b68000,0x00000000d6c00000)
  to   space 512K, 0% used [0x00000000d6c00000,0x00000000d6c00000,0x00000000d6c80000)
 ParOldGen       total 68608K, used 55852K [0x0000000080000000, 0x0000000084300000, 0x00000000d5580000)
  object space 68608K, 81% used [0x0000000080000000,0x000000008368b338,0x0000000084300000)
 Metaspace       used 62923K, committed 64320K, reserved 1114112K
  class space    used 7865K, committed 8512K, reserved 1048576K
}
Event: 32.435 GC heap before
{Heap before GC invocations=49 (full 3):
 PSYoungGen      total 23040K, used 22432K [0x00000000d5580000, 0x00000000d6c80000, 0x0000000100000000)
  eden space 22016K, 100% used [0x00000000d5580000,0x00000000d6b00000,0x00000000d6b00000)
  from space 1024K, 40% used [0x00000000d6b00000,0x00000000d6b68000,0x00000000d6c00000)
  to   space 512K, 0% used [0x00000000d6c00000,0x00000000d6c00000,0x00000000d6c80000)
 ParOldGen       total 68608K, used 55852K [0x0000000080000000, 0x0000000084300000, 0x00000000d5580000)
  object space 68608K, 81% used [0x0000000080000000,0x000000008368b338,0x0000000084300000)
 Metaspace       used 63311K, committed 64768K, reserved 1114112K
  class space    used 7922K, committed 8576K, reserved 1048576K
}
Event: 32.435 GC heap after
{Heap after GC invocations=49 (full 3):
 PSYoungGen      total 22528K, used 336K [0x00000000d5580000, 0x00000000d6c80000, 0x0000000100000000)
  eden space 22016K, 0% used [0x00000000d5580000,0x00000000d5580000,0x00000000d6b00000)
  from space 512K, 65% used [0x00000000d6c00000,0x00000000d6c54010,0x00000000d6c80000)
  to   space 512K, 0% used [0x00000000d6b80000,0x00000000d6b80000,0x00000000d6c00000)
 ParOldGen       total 68608K, used 55876K [0x0000000080000000, 0x0000000084300000, 0x00000000d5580000)
  object space 68608K, 81% used [0x0000000080000000,0x0000000083691338,0x0000000084300000)
 Metaspace       used 63311K, committed 64768K, reserved 1114112K
  class space    used 7922K, committed 8576K, reserved 1048576K
}
Event: 33.054 GC heap before
{Heap before GC invocations=50 (full 3):
 PSYoungGen      total 22528K, used 22352K [0x00000000d5580000, 0x00000000d6c80000, 0x0000000100000000)
  eden space 22016K, 100% used [0x00000000d5580000,0x00000000d6b00000,0x00000000d6b00000)
  from space 512K, 65% used [0x00000000d6c00000,0x00000000d6c54010,0x00000000d6c80000)
  to   space 512K, 0% used [0x00000000d6b80000,0x00000000d6b80000,0x00000000d6c00000)
 ParOldGen       total 68608K, used 55876K [0x0000000080000000, 0x0000000084300000, 0x00000000d5580000)
  object space 68608K, 81% used [0x0000000080000000,0x0000000083691338,0x0000000084300000)
 Metaspace       used 65810K, committed 67200K, reserved 1114112K
  class space    used 8272K, committed 8896K, reserved 1048576K
}
Event: 33.056 GC heap after
{Heap after GC invocations=50 (full 3):
 PSYoungGen      total 22528K, used 480K [0x00000000d5580000, 0x00000000d6d00000, 0x0000000100000000)
  eden space 22016K, 0% used [0x00000000d5580000,0x00000000d5580000,0x00000000d6b00000)
  from space 512K, 93% used [0x00000000d6b80000,0x00000000d6bf8010,0x00000000d6c00000)
  to   space 1024K, 0% used [0x00000000d6c00000,0x00000000d6c00000,0x00000000d6d00000)
 ParOldGen       total 68608K, used 56156K [0x0000000080000000, 0x0000000084300000, 0x00000000d5580000)
  object space 68608K, 81% used [0x0000000080000000,0x00000000836d7358,0x0000000084300000)
 Metaspace       used 65810K, committed 67200K, reserved 1114112K
  class space    used 8272K, committed 8896K, reserved 1048576K
}
Event: 34.146 GC heap before
{Heap before GC invocations=51 (full 3):
 PSYoungGen      total 22528K, used 22496K [0x00000000d5580000, 0x00000000d6d00000, 0x0000000100000000)
  eden space 22016K, 100% used [0x00000000d5580000,0x00000000d6b00000,0x00000000d6b00000)
  from space 512K, 93% used [0x00000000d6b80000,0x00000000d6bf8010,0x00000000d6c00000)
  to   space 1024K, 0% used [0x00000000d6c00000,0x00000000d6c00000,0x00000000d6d00000)
 ParOldGen       total 68608K, used 56156K [0x0000000080000000, 0x0000000084300000, 0x00000000d5580000)
  object space 68608K, 81% used [0x0000000080000000,0x00000000836d7358,0x0000000084300000)
 Metaspace       used 67374K, committed 68864K, reserved 1114112K
  class space    used 8447K, committed 9088K, reserved 1048576K
}
Event: 34.150 GC heap after
{Heap after GC invocations=51 (full 3):
 PSYoungGen      total 18944K, used 1024K [0x00000000d5580000, 0x00000000d7500000, 0x0000000100000000)
  eden space 17920K, 0% used [0x00000000d5580000,0x00000000d5580000,0x00000000d6700000)
  from space 1024K, 100% used [0x00000000d6c00000,0x00000000d6d00000,0x00000000d6d00000)
  to   space 5120K, 0% used [0x00000000d6700000,0x00000000d6700000,0x00000000d6c00000)
 ParOldGen       total 68608K, used 59549K [0x0000000080000000, 0x0000000084300000, 0x00000000d5580000)
  object space 68608K, 86% used [0x0000000080000000,0x0000000083a276b0,0x0000000084300000)
 Metaspace       used 67374K, committed 68864K, reserved 1114112K
  class space    used 8447K, committed 9088K, reserved 1048576K
}

