# JRE version: Java(TM) SE Runtime Environment (25.0.2+10) (build 25.0.2+10-LTS-69)
# Java VM: Java HotSpot(TM) 64-Bit Server VM (25.0.2+10-LTS-69, mixed mode, sharing, tiered, compressed oops, compressed class ptrs, g1 gc, windows-amd64)
GC Precious Log:
 CardTable entry size: 512
 Card Set container configuration: InlinePtr #cards 5 size 8 Array Of Cards #cards 10 size 36 Howl #buckets 4 coarsen threshold 1843 Howl Bitmap #cards 512 size 80 coarsen threshold 460 Card regions per heap region 1 cards per card region 2048
 CPUs: 12 total, 12 available
 Memory: 16055M
 Large Page Support: Disabled
 NUMA Support: Disabled
 Compressed Oops: Enabled (32-bit)
 Heap Region Size: 1M
 Heap Min Capacity: 8M
 Heap Initial Capacity: 252M
 Heap Max Capacity: 2G
 Pre-touch: Disabled
 Parallel Workers: 10
 Concurrent Workers: 3
 Concurrent Refinement Workers: 10
 Periodic GC: Disabled
Heap:
 garbage-first heap   total reserved 2097152K, committed 171008K, used 141312K [0x0000000080000000, 0x0000000100000000)
  region size 1024K, 44 young (45056K), 6 survivors (6144K)
GC Heap Usage History (20 events):
Event: 35.046 {heap Before GC invocations=22 (full 0):
 garbage-first heap   total reserved 2097152K, committed 122880K, used 95845K [0x0000000080000000, 0x0000000100000000)
  region size 1024K, 23 young (23552K), 4 survivors (4096K)
}
Event: 35.169 {heap After GC invocations=23 (full 0):
 garbage-first heap   total reserved 2097152K, committed 122880K, used 79635K [0x0000000080000000, 0x0000000100000000)
  region size 1024K, 4 young (4096K), 4 survivors (4096K)
}
Event: 39.476 {heap Before GC invocations=24 (full 0):
 garbage-first heap   total reserved 2097152K, committed 137216K, used 118547K [0x0000000080000000, 0x0000000100000000)
  region size 1024K, 37 young (37888K), 4 survivors (4096K)
}
Event: 39.489 {heap After GC invocations=25 (full 0):
 garbage-first heap   total reserved 2097152K, committed 137216K, used 83725K [0x0000000080000000, 0x0000000100000000)
  region size 1024K, 5 young (5120K), 5 survivors (5120K)
}
Event: 43.634 {heap Before GC invocations=25 (full 0):
 garbage-first heap   total reserved 2097152K, committed 137216K, used 122637K [0x0000000080000000, 0x0000000100000000)
  region size 1024K, 43 young (44032K), 5 survivors (5120K)
}
Event: 43.645 {heap After GC invocations=26 (full 0):
 garbage-first heap   total reserved 2097152K, committed 137216K, used 85440K [0x0000000080000000, 0x0000000100000000)
  region size 1024K, 3 young (3072K), 3 survivors (3072K)
}
Event: 44.817 {heap Before GC invocations=26 (full 0):
 garbage-first heap   total reserved 2097152K, committed 137216K, used 124352K [0x0000000080000000, 0x0000000100000000)
  region size 1024K, 41 young (41984K), 3 survivors (3072K)
}
Event: 44.829 {heap After GC invocations=27 (full 0):
 garbage-first heap   total reserved 2097152K, committed 137216K, used 87180K [0x0000000080000000, 0x0000000100000000)
  region size 1024K, 4 young (4096K), 4 survivors (4096K)
}
Event: 49.016 {heap Before GC invocations=28 (full 0):
 garbage-first heap   total reserved 2097152K, committed 147456K, used 126092K [0x0000000080000000, 0x0000000100000000)
  region size 1024K, 42 young (43008K), 4 survivors (4096K)
}
Event: 49.028 {heap After GC invocations=29 (full 0):
 garbage-first heap   total reserved 2097152K, committed 147456K, used 88705K [0x0000000080000000, 0x0000000100000000)
  region size 1024K, 4 young (4096K), 4 survivors (4096K)
}
Event: 60.430 {heap Before GC invocations=29 (full 0):
 garbage-first heap   total reserved 2097152K, committed 147456K, used 133761K [0x0000000080000000, 0x0000000100000000)
  region size 1024K, 48 young (49152K), 4 survivors (4096K)
}
Event: 60.512 {heap After GC invocations=30 (full 0):
 garbage-first heap   total reserved 2097152K, committed 147456K, used 90047K [0x0000000080000000, 0x0000000100000000)
  region size 1024K, 5 young (5120K), 5 survivors (5120K)
}
Event: 62.878 {heap Before GC invocations=30 (full 0):
 garbage-first heap   total reserved 2097152K, committed 147456K, used 136127K [0x0000000080000000, 0x0000000100000000)
  region size 1024K, 50 young (51200K), 5 survivors (5120K)
}
Event: 62.891 {heap After GC invocations=31 (full 0):
 garbage-first heap   total reserved 2097152K, committed 147456K, used 92166K [0x0000000080000000, 0x0000000100000000)
  region size 1024K, 6 young (6144K), 6 survivors (6144K)
}
Event: 64.615 {heap Before GC invocations=32 (full 0):
 garbage-first heap   total reserved 2097152K, committed 155648K, used 141318K [0x0000000080000000, 0x0000000100000000)
  region size 1024K, 50 young (51200K), 6 survivors (6144K)
}
Event: 64.633 {heap After GC invocations=33 (full 0):
 garbage-first heap   total reserved 2097152K, committed 155648K, used 96525K [0x0000000080000000, 0x0000000100000000)
  region size 1024K, 7 young (7168K), 7 survivors (7168K)
}
Event: 69.261 {heap Before GC invocations=33 (full 0):
 garbage-first heap   total reserved 2097152K, committed 155648K, used 142605K [0x0000000080000000, 0x0000000100000000)
  region size 1024K, 52 young (53248K), 7 survivors (7168K)
}
Event: 69.285 {heap After GC invocations=34 (full 0):
 garbage-first heap   total reserved 2097152K, committed 155648K, used 99215K [0x0000000080000000, 0x0000000100000000)
  region size 1024K, 4 young (4096K), 4 survivors (4096K)
}
Event: 70.427 {heap Before GC invocations=34 (full 0):
 garbage-first heap   total reserved 2097152K, committed 155648K, used 144271K [0x0000000080000000, 0x0000000100000000)
  region size 1024K, 48 young (49152K), 4 survivors (4096K)
}
Event: 70.438 {heap After GC invocations=35 (full 0):
 garbage-first heap   total reserved 2097152K, committed 155648K, used 102400K [0x0000000080000000, 0x0000000100000000)
  region size 1024K, 6 young (6144K), 6 survivors (6144K)
}

