# JRE version: OpenJDK Runtime Environment Temurin-21.0.11+10 (21.0.11+10) (build 21.0.11+10-LTS)
# Java VM: OpenJDK 64-Bit Server VM Temurin-21.0.11+10 (21.0.11+10-LTS, mixed mode, sharing, tiered, compressed oops, compressed class ptrs, parallel gc, windows-amd64)
GC Precious Log:
 CardTable entry size: 512
 CPUs: 12 total, 12 available
 Memory: 16055M
 Large Page Support: Disabled
 NUMA Support: Disabled
 Compressed Oops: Enabled (32-bit)
 Alignments: Space 512K, Generation 512K, Heap 2M
 Heap Min Capacity: 100M
 Heap Initial Capacity: 100M
 Heap Max Capacity: 2G
 Pre-touch: Disabled
 Parallel Workers: 10
Heap:
 PSYoungGen      total 13312K, used 894K [0x00000000d5580000, 0x00000000d6380000, 0x0000000100000000)
  eden space 12800K, 5% used [0x00000000d5580000,0x00000000d56378b8,0x00000000d6200000)
  from space 512K, 31% used [0x00000000d6280000,0x00000000d62a8000,0x00000000d6300000)
  to   space 512K, 0% used [0x00000000d6300000,0x00000000d6300000,0x00000000d6380000)
 ParOldGen       total 68608K, used 60385K [0x0000000080000000, 0x0000000084300000, 0x00000000d5580000)
  object space 68608K, 88% used [0x0000000080000000,0x0000000083af87f0,0x0000000084300000)
 Metaspace       used 67167K, committed 68672K, reserved 1114112K
  class space    used 8413K, committed 9088K, reserved 1048576K
GC Heap History (20 events):
Event: 50.013 GC heap before
{Heap before GC invocations=61 (full 3):
 PSYoungGen      total 13824K, used 13809K [0x00000000d5580000, 0x00000000d6500000, 0x0000000100000000)
  eden space 12800K, 100% used [0x00000000d5580000,0x00000000d6200000,0x00000000d6200000)
  from space 1024K, 98% used [0x00000000d6280000,0x00000000d637c688,0x00000000d6380000)
  to   space 1536K, 0% used [0x00000000d6380000,0x00000000d6380000,0x00000000d6500000)
 ParOldGen       total 68608K, used 58608K [0x0000000080000000, 0x0000000084300000, 0x00000000d5580000)
  object space 68608K, 85% used [0x0000000080000000,0x000000008393c3a8,0x0000000084300000)
 Metaspace       used 62898K, committed 64256K, reserved 1114112K
  class space    used 7857K, committed 8448K, reserved 1048576K
}
Event: 50.015 GC heap after
{Heap after GC invocations=61 (full 3):
 PSYoungGen      total 13312K, used 224K [0x00000000d5580000, 0x00000000d6400000, 0x0000000100000000)
  eden space 12800K, 0% used [0x00000000d5580000,0x00000000d5580000,0x00000000d6200000)
  from space 512K, 43% used [0x00000000d6380000,0x00000000d63b8000,0x00000000d6400000)
  to   space 1024K, 0% used [0x00000000d6200000,0x00000000d6200000,0x00000000d6300000)
 ParOldGen       total 68608K, used 58664K [0x0000000080000000, 0x0000000084300000, 0x00000000d5580000)
  object space 68608K, 85% used [0x0000000080000000,0x000000008394a3a8,0x0000000084300000)
 Metaspace       used 62898K, committed 64256K, reserved 1114112K
  class space    used 7857K, committed 8448K, reserved 1048576K
}
Event: 50.192 GC heap before
{Heap before GC invocations=62 (full 3):
 PSYoungGen      total 13312K, used 13024K [0x00000000d5580000, 0x00000000d6400000, 0x0000000100000000)
  eden space 12800K, 100% used [0x00000000d5580000,0x00000000d6200000,0x00000000d6200000)
  from space 512K, 43% used [0x00000000d6380000,0x00000000d63b8000,0x00000000d6400000)
  to   space 1024K, 0% used [0x00000000d6200000,0x00000000d6200000,0x00000000d6300000)
 ParOldGen       total 68608K, used 58664K [0x0000000080000000, 0x0000000084300000, 0x00000000d5580000)
  object space 68608K, 85% used [0x0000000080000000,0x000000008394a3a8,0x0000000084300000)
 Metaspace       used 62898K, committed 64256K, reserved 1114112K
  class space    used 7857K, committed 8448K, reserved 1048576K
}
Event: 50.193 GC heap after
{Heap after GC invocations=62 (full 3):
 PSYoungGen      total 13824K, used 1017K [0x00000000d5580000, 0x00000000d6500000, 0x0000000100000000)
  eden space 12800K, 0% used [0x00000000d5580000,0x00000000d5580000,0x00000000d6200000)
  from space 1024K, 99% used [0x00000000d6200000,0x00000000d62fe790,0x00000000d6300000)
  to   space 1536K, 0% used [0x00000000d6380000,0x00000000d6380000,0x00000000d6500000)
 ParOldGen       total 68608K, used 58731K [0x0000000080000000, 0x0000000084300000, 0x00000000d5580000)
  object space 68608K, 85% used [0x0000000080000000,0x000000008395ac10,0x0000000084300000)
 Metaspace       used 62898K, committed 64256K, reserved 1114112K
  class space    used 7857K, committed 8448K, reserved 1048576K
}
Event: 50.363 GC heap before
{Heap before GC invocations=63 (full 3):
 PSYoungGen      total 13824K, used 13817K [0x00000000d5580000, 0x00000000d6500000, 0x0000000100000000)
  eden space 12800K, 100% used [0x00000000d5580000,0x00000000d6200000,0x00000000d6200000)
  from space 1024K, 99% used [0x00000000d6200000,0x00000000d62fe790,0x00000000d6300000)
  to   space 1536K, 0% used [0x00000000d6380000,0x00000000d6380000,0x00000000d6500000)
 ParOldGen       total 68608K, used 58731K [0x0000000080000000, 0x0000000084300000, 0x00000000d5580000)
  object space 68608K, 85% used [0x0000000080000000,0x000000008395ac10,0x0000000084300000)
 Metaspace       used 63275K, committed 64704K, reserved 1114112K
  class space    used 7912K, committed 8512K, reserved 1048576K
}
Event: 50.365 GC heap after
{Heap after GC invocations=63 (full 3):
 PSYoungGen      total 13312K, used 384K [0x00000000d5580000, 0x00000000d6400000, 0x0000000100000000)
  eden space 12800K, 0% used [0x00000000d5580000,0x00000000d5580000,0x00000000d6200000)
  from space 512K, 75% used [0x00000000d6380000,0x00000000d63e0000,0x00000000d6400000)
  to   space 1024K, 0% used [0x00000000d6200000,0x00000000d6200000,0x00000000d6300000)
 ParOldGen       total 68608K, used 58771K [0x0000000080000000, 0x0000000084300000, 0x00000000d5580000)
  object space 68608K, 85% used [0x0000000080000000,0x0000000083964c10,0x0000000084300000)
 Metaspace       used 63275K, committed 64704K, reserved 1114112K
  class space    used 7912K, committed 8512K, reserved 1048576K
}
Event: 50.670 GC heap before
{Heap before GC invocations=64 (full 3):
 PSYoungGen      total 13312K, used 13184K [0x00000000d5580000, 0x00000000d6400000, 0x0000000100000000)
  eden space 12800K, 100% used [0x00000000d5580000,0x00000000d6200000,0x00000000d6200000)
  from space 512K, 75% used [0x00000000d6380000,0x00000000d63e0000,0x00000000d6400000)
  to   space 1024K, 0% used [0x00000000d6200000,0x00000000d6200000,0x00000000d6300000)
 ParOldGen       total 68608K, used 58771K [0x0000000080000000, 0x0000000084300000, 0x00000000d5580000)
  object space 68608K, 85% used [0x0000000080000000,0x0000000083964c10,0x0000000084300000)
 Metaspace       used 64925K, committed 66368K, reserved 1114112K
  class space    used 8160K, committed 8768K, reserved 1048576K
}
Event: 50.672 GC heap after
{Heap after GC invocations=64 (full 3):
 PSYoungGen      total 13824K, used 544K [0x00000000d5580000, 0x00000000d6400000, 0x0000000100000000)
  eden space 12800K, 0% used [0x00000000d5580000,0x00000000d5580000,0x00000000d6200000)
  from space 1024K, 53% used [0x00000000d6200000,0x00000000d6288010,0x00000000d6300000)
  to   space 1024K, 0% used [0x00000000d6300000,0x00000000d6300000,0x00000000d6400000)
 ParOldGen       total 68608K, used 59003K [0x0000000080000000, 0x0000000084300000, 0x00000000d5580000)
  object space 68608K, 86% used [0x0000000080000000,0x000000008399ec40,0x0000000084300000)
 Metaspace       used 64925K, committed 66368K, reserved 1114112K
  class space    used 8160K, committed 8768K, reserved 1048576K
}
Event: 56.319 GC heap before
{Heap before GC invocations=65 (full 3):
 PSYoungGen      total 13824K, used 13344K [0x00000000d5580000, 0x00000000d6400000, 0x0000000100000000)
  eden space 12800K, 100% used [0x00000000d5580000,0x00000000d6200000,0x00000000d6200000)
  from space 1024K, 53% used [0x00000000d6200000,0x00000000d6288010,0x00000000d6300000)
  to   space 1024K, 0% used [0x00000000d6300000,0x00000000d6300000,0x00000000d6400000)
 ParOldGen       total 68608K, used 59003K [0x0000000080000000, 0x0000000084300000, 0x00000000d5580000)
  object space 68608K, 86% used [0x0000000080000000,0x000000008399ec40,0x0000000084300000)
 Metaspace       used 66234K, committed 67712K, reserved 1114112K
  class space    used 8321K, committed 8960K, reserved 1048576K
}
Event: 56.321 GC heap after
{Heap after GC invocations=65 (full 3):
 PSYoungGen      total 13824K, used 512K [0x00000000d5580000, 0x00000000d6400000, 0x0000000100000000)
  eden space 12800K, 0% used [0x00000000d5580000,0x00000000d5580000,0x00000000d6200000)
  from space 1024K, 50% used [0x00000000d6300000,0x00000000d6380000,0x00000000d6400000)
  to   space 1024K, 0% used [0x00000000d6200000,0x00000000d6200000,0x00000000d6300000)
 ParOldGen       total 68608K, used 59371K [0x0000000080000000, 0x0000000084300000, 0x00000000d5580000)
  object space 68608K, 86% used [0x0000000080000000,0x00000000839fac50,0x0000000084300000)
 Metaspace       used 66234K, committed 67712K, reserved 1114112K
  class space    used 8321K, committed 8960K, reserved 1048576K
}
Event: 67.643 GC heap before
{Heap before GC invocations=66 (full 3):
 PSYoungGen      total 13824K, used 13312K [0x00000000d5580000, 0x00000000d6400000, 0x0000000100000000)
  eden space 12800K, 100% used [0x00000000d5580000,0x00000000d6200000,0x00000000d6200000)
  from space 1024K, 50% used [0x00000000d6300000,0x00000000d6380000,0x00000000d6400000)
  to   space 1024K, 0% used [0x00000000d6200000,0x00000000d6200000,0x00000000d6300000)
 ParOldGen       total 68608K, used 59371K [0x0000000080000000, 0x0000000084300000, 0x00000000d5580000)
  object space 68608K, 86% used [0x0000000080000000,0x00000000839fac50,0x0000000084300000)
 Metaspace       used 66972K, committed 68544K, reserved 1114112K
  class space    used 8392K, committed 9088K, reserved 1048576K
}
Event: 67.645 GC heap after
{Heap after GC invocations=66 (full 3):
 PSYoungGen      total 13824K, used 480K [0x00000000d5580000, 0x00000000d6380000, 0x0000000100000000)
  eden space 12800K, 0% used [0x00000000d5580000,0x00000000d5580000,0x00000000d6200000)
  from space 1024K, 46% used [0x00000000d6200000,0x00000000d6278000,0x00000000d6300000)
  to   space 512K, 0% used [0x00000000d6300000,0x00000000d6300000,0x00000000d6380000)
 ParOldGen       total 68608K, used 59757K [0x0000000080000000, 0x0000000084300000, 0x00000000d5580000)
  object space 68608K, 87% used [0x0000000080000000,0x0000000083a5b7c0,0x0000000084300000)
 Metaspace       used 66972K, committed 68544K, reserved 1114112K
  class space    used 8392K, committed 9088K, reserved 1048576K
}
Event: 69.122 GC heap before
{Heap before GC invocations=67 (full 3):
 PSYoungGen      total 13824K, used 13280K [0x00000000d5580000, 0x00000000d6380000, 0x0000000100000000)
  eden space 12800K, 100% used [0x00000000d5580000,0x00000000d6200000,0x00000000d6200000)
  from space 1024K, 46% used [0x00000000d6200000,0x00000000d6278000,0x00000000d6300000)
  to   space 512K, 0% used [0x00000000d6300000,0x00000000d6300000,0x00000000d6380000)
 ParOldGen       total 68608K, used 59757K [0x0000000080000000, 0x0000000084300000, 0x00000000d5580000)
  object space 68608K, 87% used [0x0000000080000000,0x0000000083a5b7c0,0x0000000084300000)
 Metaspace       used 66991K, committed 68544K, reserved 1114112K
  class space    used 8392K, committed 9088K, reserved 1048576K
}
Event: 69.124 GC heap after
{Heap after GC invocations=67 (full 3):
 PSYoungGen      total 13312K, used 192K [0x00000000d5580000, 0x00000000d6380000, 0x0000000100000000)
  eden space 12800K, 0% used [0x00000000d5580000,0x00000000d5580000,0x00000000d6200000)
  from space 512K, 37% used [0x00000000d6300000,0x00000000d6330000,0x00000000d6380000)
  to   space 512K, 0% used [0x00000000d6280000,0x00000000d6280000,0x00000000d6300000)
 ParOldGen       total 68608K, used 60121K [0x0000000080000000, 0x0000000084300000, 0x00000000d5580000)
  object space 68608K, 87% used [0x0000000080000000,0x0000000083ab67f0,0x0000000084300000)
 Metaspace       used 66991K, committed 68544K, reserved 1114112K
  class space    used 8392K, committed 9088K, reserved 1048576K
}
Event: 111.812 GC heap before
{Heap before GC invocations=68 (full 3):
 PSYoungGen      total 13312K, used 12992K [0x00000000d5580000, 0x00000000d6380000, 0x0000000100000000)
  eden space 12800K, 100% used [0x00000000d5580000,0x00000000d6200000,0x00000000d6200000)
  from space 512K, 37% used [0x00000000d6300000,0x00000000d6330000,0x00000000d6380000)
  to   space 512K, 0% used [0x00000000d6280000,0x00000000d6280000,0x00000000d6300000)
 ParOldGen       total 68608K, used 60121K [0x0000000080000000, 0x0000000084300000, 0x00000000d5580000)
  object space 68608K, 87% used [0x0000000080000000,0x0000000083ab67f0,0x0000000084300000)
 Metaspace       used 67089K, committed 68608K, reserved 1114112K
  class space    used 8398K, committed 9088K, reserved 1048576K
}
Event: 111.815 GC heap after
{Heap after GC invocations=68 (full 3):
 PSYoungGen      total 13312K, used 288K [0x00000000d5580000, 0x00000000d6380000, 0x0000000100000000)
  eden space 12800K, 0% used [0x00000000d5580000,0x00000000d5580000,0x00000000d6200000)
  from space 512K, 56% used [0x00000000d6280000,0x00000000d62c8000,0x00000000d6300000)
  to   space 512K, 0% used [0x00000000d6300000,0x00000000d6300000,0x00000000d6380000)
 ParOldGen       total 68608K, used 60177K [0x0000000080000000, 0x0000000084300000, 0x00000000d5580000)
  object space 68608K, 87% used [0x0000000080000000,0x0000000083ac47f0,0x0000000084300000)
 Metaspace       used 67089K, committed 68608K, reserved 1114112K
  class space    used 8398K, committed 9088K, reserved 1048576K
}
Event: 120.594 GC heap before
{Heap before GC invocations=69 (full 3):
 PSYoungGen      total 13312K, used 13088K [0x00000000d5580000, 0x00000000d6380000, 0x0000000100000000)
  eden space 12800K, 100% used [0x00000000d5580000,0x00000000d6200000,0x00000000d6200000)
  from space 512K, 56% used [0x00000000d6280000,0x00000000d62c8000,0x00000000d6300000)
  to   space 512K, 0% used [0x00000000d6300000,0x00000000d6300000,0x00000000d6380000)
 ParOldGen       total 68608K, used 60177K [0x0000000080000000, 0x0000000084300000, 0x00000000d5580000)
  object space 68608K, 87% used [0x0000000080000000,0x0000000083ac47f0,0x0000000084300000)
 Metaspace       used 67167K, committed 68672K, reserved 1114112K
  class space    used 8413K, committed 9088K, reserved 1048576K
}
Event: 120.596 GC heap after
{Heap after GC invocations=69 (full 3):
 PSYoungGen      total 13312K, used 288K [0x00000000d5580000, 0x00000000d6380000, 0x0000000100000000)
  eden space 12800K, 0% used [0x00000000d5580000,0x00000000d5580000,0x00000000d6200000)
  from space 512K, 56% used [0x00000000d6300000,0x00000000d6348000,0x00000000d6380000)
  to   space 512K, 0% used [0x00000000d6280000,0x00000000d6280000,0x00000000d6300000)
 ParOldGen       total 68608K, used 60265K [0x0000000080000000, 0x0000000084300000, 0x00000000d5580000)
  object space 68608K, 87% used [0x0000000080000000,0x0000000083ada7f0,0x0000000084300000)
 Metaspace       used 67167K, committed 68672K, reserved 1114112K
  class space    used 8413K, committed 9088K, reserved 1048576K
}
Event: 123.105 GC heap before
{Heap before GC invocations=70 (full 3):
 PSYoungGen      total 13312K, used 13088K [0x00000000d5580000, 0x00000000d6380000, 0x0000000100000000)
  eden space 12800K, 100% used [0x00000000d5580000,0x00000000d6200000,0x00000000d6200000)
  from space 512K, 56% used [0x00000000d6300000,0x00000000d6348000,0x00000000d6380000)
  to   space 512K, 0% used [0x00000000d6280000,0x00000000d6280000,0x00000000d6300000)
 ParOldGen       total 68608K, used 60265K [0x0000000080000000, 0x0000000084300000, 0x00000000d5580000)
  object space 68608K, 87% used [0x0000000080000000,0x0000000083ada7f0,0x0000000084300000)
 Metaspace       used 67167K, committed 68672K, reserved 1114112K
  class space    used 8413K, committed 9088K, reserved 1048576K
}
Event: 123.106 GC heap after
{Heap after GC invocations=70 (full 3):
 PSYoungGen      total 13312K, used 160K [0x00000000d5580000, 0x00000000d6380000, 0x0000000100000000)
  eden space 12800K, 0% used [0x00000000d5580000,0x00000000d5580000,0x00000000d6200000)
  from space 512K, 31% used [0x00000000d6280000,0x00000000d62a8000,0x00000000d6300000)
  to   space 512K, 0% used [0x00000000d6300000,0x00000000d6300000,0x00000000d6380000)
 ParOldGen       total 68608K, used 60385K [0x0000000080000000, 0x0000000084300000, 0x00000000d5580000)
  object space 68608K, 88% used [0x0000000080000000,0x0000000083af87f0,0x0000000084300000)
 Metaspace       used 67167K, committed 68672K, reserved 1114112K
  class space    used 8413K, committed 9088K, reserved 1048576K
}

